2025/05/02 17:39:11 Starting OSGeo4W install, version 2.579
2025/05/02 17:39:11 using locales .1252
2025/05/02 17:39:11 Current Directory: C:\Users\altug\AppData\Local\Temp
2025/05/02 17:39:11 Root Directory: C:\OSGeo4W
2025/05/02 17:39:39 source: download
2025/05/02 17:40:18 Selected local directory: C:\Farm
2025/05/02 17:40:18 Menu name: OSGeo4W
2025/05/02 17:40:20 net: Preconfig
2025/05/02 17:40:23 site: https://download.osgeo.org/osgeo4w/v2/
2025/05/02 17:40:33 note: Download Complete
2025/05/02 17:40:33 Ending OSGeo4W install
2025/05/02 17:49:03 Starting OSGeo4W install, version 2.579
2025/05/02 17:49:03 using locales .1252
2025/05/02 17:49:03 Current Directory: C:\Farm
2025/05/02 17:49:03 Root Directory: C:\OSGeo4W
2025/05/02 17:49:21 source: download
2025/05/02 17:49:25 Selected local directory: C:\Farm
2025/05/02 17:49:25 Menu name: OSGeo4W
2025/05/02 17:49:29 net: Preconfig
2025/05/02 17:49:32 site: https://download.osgeo.org/osgeo4w/v2/
2025/05/02 17:49:54 note: Download Complete
2025/05/02 17:49:54 Ending OSGeo4W install
